<?xml version="1.0" encoding="UTF-8"?>
<robot generator="Robot 7.3.2 (Python 3.13.1 on win32)" generated="2025-12-01T12:55:46.546559" rpa="false" schemaversion="5">
<suite id="s1" name="Teste" source="C:\Users\lucas\OneDrive\Área de Trabalho\FATEC\2ºSemestre\ES2\teste_singular\teste.robot">
<test id="s1-t1" name="Login E Captura" line="11">
<kw name="Open Browser" owner="SeleniumLibrary">
<msg time="2025-12-01T12:55:46.922342" level="INFO">Opening browser 'edge' to base url 'http://localhost:8000/login.php'.</msg>
<arg>${URL}</arg>
<arg>${BROWSER}</arg>
<doc>Opens a new browser instance to the optional ``url``.</doc>
<status status="PASS" start="2025-12-01T12:55:46.922041" elapsed="1.567036"/>
</kw>
<kw name="Maximize Browser Window" owner="SeleniumLibrary">
<doc>Maximizes current browser window.</doc>
<status status="PASS" start="2025-12-01T12:55:48.493474" elapsed="0.078736"/>
</kw>
<kw name="Input Text" owner="SeleniumLibrary">
<msg time="2025-12-01T12:55:48.573717" level="INFO">Typing text 'aluno1@example.com' into text field 'name=email'.</msg>
<arg>name=email</arg>
<arg>${USER}</arg>
<doc>Types the given ``text`` into the text field identified by ``locator``.</doc>
<status status="PASS" start="2025-12-01T12:55:48.572767" elapsed="0.274925"/>
</kw>
<kw name="Input Text" owner="SeleniumLibrary">
<msg time="2025-12-01T12:55:48.849130" level="INFO">Typing text 'aluno' into text field 'name=password'.</msg>
<arg>name=password</arg>
<arg>${PASS}</arg>
<doc>Types the given ``text`` into the text field identified by ``locator``.</doc>
<status status="PASS" start="2025-12-01T12:55:48.848627" elapsed="0.184668"/>
</kw>
<kw name="Click Button" owner="SeleniumLibrary">
<msg time="2025-12-01T12:55:49.033989" level="INFO">Clicking button 'xpath=//button[contains(text(), "Entrar")]'.</msg>
<arg>xpath=//button[contains(text(), "Entrar")]</arg>
<doc>Clicks the button identified by ``locator``.</doc>
<status status="PASS" start="2025-12-01T12:55:49.033711" elapsed="0.195747"/>
</kw>
<kw name="Sleep" owner="BuiltIn">
<msg time="2025-12-01T12:55:51.235488" level="INFO">Slept 2 seconds.</msg>
<arg>2s</arg>
<doc>Pauses the test executed for the given time.</doc>
<status status="PASS" start="2025-12-01T12:55:49.234362" elapsed="2.001346"/>
</kw>
<kw name="Capture Page Screenshot" owner="SeleniumLibrary">
<msg time="2025-12-01T12:55:51.375406" level="INFO" html="true">&lt;/td&gt;&lt;/tr&gt;&lt;tr&gt;&lt;td colspan="3"&gt;&lt;a href="resultado_login.png"&gt;&lt;img src="resultado_login.png" width="800px"&gt;&lt;/a&gt;</msg>
<arg>resultado_login.png</arg>
<doc>Takes a screenshot of the current page and embeds it into a log file.</doc>
<status status="PASS" start="2025-12-01T12:55:51.236265" elapsed="0.139272"/>
</kw>
<kw name="Close Browser" owner="SeleniumLibrary">
<doc>Closes the current browser.</doc>
<status status="PASS" start="2025-12-01T12:55:51.375814" elapsed="2.236281"/>
</kw>
<status status="PASS" start="2025-12-01T12:55:46.920932" elapsed="6.691530"/>
</test>
<status status="PASS" start="2025-12-01T12:55:46.548527" elapsed="7.064712"/>
</suite>
<statistics>
<total>
<stat pass="1" fail="0" skip="0">All Tests</stat>
</total>
<tag>
</tag>
<suite>
<stat name="Teste" id="s1" pass="1" fail="0" skip="0">Teste</stat>
</suite>
</statistics>
<errors>
</errors>
</robot>
